Log file open, 04/04/15 22:38:09
LogInit:Display: Running engine for game: CodenameBlob
LogInit: Version: 4.7.4-2497108+++depot+UE4-Releases+4.7
LogInit: API Version: 2455222
LogInit: Compiled (64-bit): Mar 31 2015 09:40:25
LogInit: Compiled with Visual C++: 18.00.21005.01
LogInit: Build Configuration: Development
LogInit: Branch Name: ++depot+UE4-Releases+4.7
LogInit: Command line:  
LogInit: Base directory: C:/Program Files/Epic Games/4.7/Engine/Binaries/Win64/
LogInit: Rocket: 1
[2015.04.05-02.38.09:918][  0]LogTaskGraph: Started task graph with 3 named threads and 6 total threads.
[2015.04.05-02.38.09:972][  0]LogOnline:Warning: No default platform service specified for OnlineSubsystem
[2015.04.05-02.38.09:988][  0]LogInit: Presizing for 0 objects not considered by GC, pre-allocating 0 bytes.
[2015.04.05-02.38.10:001][  0]LogInit: Object subsystem initialized
[2015.04.05-02.38.10:003][  0]LogConsoleResponse:Warning: Skipping Unknown console variable: 'TranslucentSortAxis = (X=0.000000,Y=-1.000000,Z=0.000000)'
[2015.04.05-02.38.10:003][  0]LogConsoleResponse:Warning:   Found in ini file 'C:/Users/Trey/Documents/GitHub/codenameBlob/Saved/Config/Windows/Engine.ini', in section '[/Script/Engine.RendererSettings]'
[2015.04.05-02.38.10:003][  0]LogConsoleResponse:Warning: Skipping Unknown console variable: 'UIScaleRule = ShortestSide'
[2015.04.05-02.38.10:003][  0]LogConsoleResponse:Warning:   Found in ini file 'C:/Users/Trey/Documents/GitHub/codenameBlob/Saved/Config/Windows/Engine.ini', in section '[/Script/Engine.RendererSettings]'
[2015.04.05-02.38.10:003][  0]LogConsoleResponse:Warning: Skipping Unknown console variable: 'UIScaleCurve = (EditorCurveData=(Keys=),ExternalCurve=None)'
[2015.04.05-02.38.10:003][  0]LogConsoleResponse:Warning:   Found in ini file 'C:/Users/Trey/Documents/GitHub/codenameBlob/Saved/Config/Windows/Engine.ini', in section '[/Script/Engine.RendererSettings]'
[2015.04.05-02.38.10:003][  0]LogInit: Selected Device Profile: [Windows]
[2015.04.05-02.38.10:004][  0]LogInit: Applying CVar settings loaded from the selected device profile: [Windows]
[2015.04.05-02.38.10:010][  0]LogInit: Computer: TREY-PC
[2015.04.05-02.38.10:010][  0]LogInit: User: Trey
[2015.04.05-02.38.10:010][  0]LogInit: CPU Page size=4096, Cores=4
[2015.04.05-02.38.10:010][  0]LogInit: High frequency timer resolution =2.639296 MHz
[2015.04.05-02.38.10:010][  0]LogMemory: Memory total: Physical=6.0GB (6GB approx) Virtual=8192.0GB
[2015.04.05-02.38.10:010][  0]LogMemory: Platform Memory Stats for Windows
[2015.04.05-02.38.10:010][  0]LogMemory: Process Physical Memory: 48.09 MB used, 48.09 MB peak
[2015.04.05-02.38.10:010][  0]LogMemory: Process Virtual Memory: 24.40 MB used, 24.40 MB peak
[2015.04.05-02.38.10:010][  0]LogMemory: Physical Memory: 1600.57 MB used, 6133.98 MB total
[2015.04.05-02.38.10:010][  0]LogMemory: Virtual Memory: 278.27 MB used, 8388608.00 MB total
[2015.04.05-02.38.10:038][  0]LogD3D11RHI: Found D3D11 adapter 0: NVIDIA GeForce GTX 275 (Feature Level 10_0)
[2015.04.05-02.38.10:038][  0]LogD3D11RHI: Adapter has 873MB of dedicated video memory, 0MB of dedicated system memory, and 2810MB of shared system memory, 1 output[s]
[2015.04.05-02.38.10:038][  0]LogD3D11RHI: Chosen D3D11 Adapter Id = 0
[2015.04.05-02.38.10:041][  0]LogRHI: Texture pool is 611 MB (70% of 873 MB)
[2015.04.05-02.38.10:048][  0]LogD3D11RHI: Async texture creation enabled
[2015.04.05-02.38.10:105][  0]LogTextLocalizationManager: The requested culture ('en_US') has no localization data; parent culture's ('en') localization data will be used.
[2015.04.05-02.38.10:180][  0]LogTextLocalizationManager:Warning: Loading localization resources contain conflicting entries for (Namespace:UICommands, Key:Save_ToolTip):
Resource: (C:/Program Files/Epic Games/4.7/Engine/Content/Localization/Editor/en/Editor.locres) Hash: (-29098895) String: (Saves the current level to disk)
Resource: (C:/Program Files/Epic Games/4.7/Engine/Content/Localization/Engine/en/Engine.locres) Hash: (-1280300587) String: (Save selected data to vlog file)
[2015.04.05-02.38.10:180][  0]LogTextLocalizationManager:Warning: Loading localization resources contain conflicting entries for (Namespace:ContentBrowser, Key:ImportAssetToolTip):
Resource: (C:/Program Files/Epic Games/4.7/Engine/Content/Localization/Editor/en/Editor.locres) Hash: (-630476809) String: (Import to {0}...)
Resource: (C:/Program Files/Epic Games/4.7/Engine/Content/Localization/Editor/en/Editor.locres) Hash: (1271782899) String: (Imports an asset from file to this folder.)
[2015.04.05-02.38.10:277][  0]LogContentStreaming: Texture pool size is 0.000000MB
[2015.04.05-02.38.18:960][  0]LogTargetPlatformManager:Display: Building Assets For Windows
[2015.04.05-02.38.20:315][  0]LogTargetPlatformManager:Display: Building Assets For Windows
[2015.04.05-02.38.20:883][  0]LogDerivedDataCache:Display: Max Cache Size: 512 MB
[2015.04.05-02.38.22:144][  0]LogDerivedDataCache: Loaded boot cache 1.21s 36MB C:/Users/Trey/AppData/Local/UnrealEngine/4.7/DerivedDataCache/Boot.ddc.
[2015.04.05-02.38.22:144][  0]LogDerivedDataCache:Display: Loaded Boot cache: C:/Users/Trey/AppData/Local/UnrealEngine/4.7/DerivedDataCache/Boot.ddc
[2015.04.05-02.38.22:144][  0]LogDerivedDataCache: FDerivedDataBackendGraph:  Pak pak cache file ../../../../../../Users/Trey/Documents/GitHub/codenameBlob/DerivedDataCache/DDC.ddp not found, will not use a pak cache.
[2015.04.05-02.38.22:144][  0]LogDerivedDataCache: Unable to find inner node Pak for hierarchical cache Hierarchy.
[2015.04.05-02.38.22:455][  0]LogDerivedDataCache:Display: Pak cache opened for reading ../../../Engine/DerivedDataCache/Compressed.ddp.
[2015.04.05-02.38.22:495][  0]LogDerivedDataCache: Using Local data cache path C:/Users/Trey/AppData/Local/UnrealEngine/Common/DerivedDataCache: Writable
[2015.04.05-02.39.11:144][  0]LogMeshUtilities: No automatic mesh reduction module available
[2015.04.05-02.39.11:144][  0]LogMeshUtilities: No automatic mesh merging module available
[2015.04.05-02.39.25:192][  0]LogInit: WinSock: version 1.1 (2.2), MaxSocks=32767, MaxUdp=65467
[2015.04.05-02.39.25:705][  0]LogSlate:Warning: Failed to load font data from '../../../Engine/Content/Slate/Fonts/Roboto-Italic.ttf'
[2015.04.05-02.39.40:584][  0]UdpMessaging: Initializing bridge on interface 0.0.0.0:0 to multicast group 230.0.0.1:6666.
[2015.04.05-02.39.43:299][  0]SourceControl: Info Source control is disabled
[2015.04.05-02.39.43:335][  0]SourceControl: Info Source control is disabled
[2015.04.05-02.39.43:335][  0]SourceControl: Info Source control is disabled
[2015.04.05-02.39.43:335][  0]LogSourceControl: RunCommandInternalRaw: 'git version'
[2015.04.05-02.39.43:335][  0]LogSourceControl: RunCommandInternalRaw: ExecProcess ReturnCode=2 OutResults=''
[2015.04.05-02.39.43:372][  0]SourceControl: Info Source control is disabled
[2015.04.05-02.39.45:340][  0]LogObj: 24232 objects as part of root set at end of initial load.
[2015.04.05-02.39.45:340][  0]LogUObjectAllocator: 5137176 out of 0 bytes used by permanent object pool.
[2015.04.05-02.39.46:138][  0]LogEngine: Initializing Engine...
[2015.04.05-02.39.48:990][  0]LogInit: XAudio2 using 'Speakers (Realtek High Definition Audio)' : 2 channels at 48 kHz using 32 bits per sample (channel mask 0x3)
[2015.04.05-02.39.49:023][  0]LogInit: FAudioDevice initialized.
[2015.04.05-02.39.49:647][  0]LogAIModule: Creating AISystem for world NewWorld
[2015.04.05-02.39.49:878][  0]LogDerivedDataCache: Saved boot cache 0.02s 36MB C:/Users/Trey/AppData/Local/UnrealEngine/4.7/DerivedDataCache/Boot.ddc.
[2015.04.05-02.39.49:920][  0]LogInit: Texture streaming: Enabled
[2015.04.05-02.39.50:310][  0]LogAnalytics: Creating configured Analytics provider AnalyticsET
[2015.04.05-02.39.50:310][  0]LogAnalytics: ET APIKey = Rocket.Release. APIServer = http://et2.epicgames.com/ET2/. AppVersion = 4.7.4-2497108+++depot+UE4-Releases+4.7
[2015.04.05-02.39.50:310][  0]LogAnalytics: ET APIKey = Rocket.Release. DataRouterUploadURL = https://datarouter-public-service-gamedev.ol.epicgames.net/datarouter/api/v1/public/data. AppVersion = 4.7.4-2497108+++depot+UE4-Releases+4.7
[2015.04.05-02.39.50:310][  0]LogAnalytics: SetUserId 04f6bebd4206fe8110a2c99922bf7157|358dc64bc8624b9783166cb6aec201cd|ecfcc936-58bc-49eb-a037-d64c861c783d
[2015.04.05-02.39.50:323][  0]LogAnalytics: AnalyticsET::StartSession [Rocket.Release]
[2015.04.05-02.39.50:697][  0]LogInit: Transaction tracking system initialized
[2015.04.05-02.39.51:915][  0]BlueprintLog: New page: Editor Load
[2015.04.05-02.39.52:042][  0]LogAssetRegistry: FAssetRegistry took 0.0247 seconds to start up
[2015.04.05-02.39.52:043][  0]LogDirectoryWatcher:Warning: Failed to begin reading directory changes for ../../../Engine/Plugins/Experimental/CharacterAI/Content/. Error: 0
[2015.04.05-02.39.55:066][  0]LogTargetPlatformManager:Display: Building Assets For Windows
[2015.04.05-02.39.55:475][  0]LogTargetPlatformManager:Display: Building Assets For Windows
[2015.04.05-02.39.56:363][  0]LogSlate:Warning: Failed to load font data from '../../../Engine/Content/Editor/Slate/Fonts/Roboto-Regular.ttf'
[2015.04.05-02.39.56:363][  0]LogSlate:Warning: Failed to load font data from '../../../Engine/Content/Editor/Slate/Fonts/Roboto-Bold.ttf'
[2015.04.05-02.39.56:418][  0]LogConsoleResponse:Display: 
[2015.04.05-02.39.58:873][  0]LogCook:Display: Done creating registry. It took  0.00s.
[2015.04.05-02.40.00:267][  0]SourceControl: Info Source control is disabled
[2015.04.05-02.40.00:311][  0]Cmd: MAP LOAD FILE="../../../Engine/Content/Maps/Templates/Template_Default.umap" TEMPLATE=1 SHOWPROGRESS=1 FEATURELEVEL=2
[2015.04.05-02.40.00:344][  0]LightingResults: New page: Lighting Build
[2015.04.05-02.40.00:614][  0]MapCheck: New page: Map Check
[2015.04.05-02.40.00:614][  0]LightingResults: New page: Lighting Build
[2015.04.05-02.40.00:918][  0]LogParticles: Destroying 0 GPU particle simulations for FXSystem 0x00000000137DA8E0
[2015.04.05-02.40.03:578][  0]LogEditorServer: Finished looking for orphan Actors (0.000 secs)
[2015.04.05-02.40.03:605][  0]LogAIModule: Creating AISystem for world Untitled_1
[2015.04.05-02.40.03:615][  0]Cmd: MAP CHECKDEP
[2015.04.05-02.40.03:618][  0]MapCheck: New page: Untitled_1 - Apr 4, 2015, 6:40:03 PM
[2015.04.05-02.40.03:719][  0]MapCheck: Info Map check complete: 0 Error(s), 0 Warning(s), took 104.709ms to complete.
[2015.04.05-02.40.03:728][  0]LogFileHelpers: Loading map 'Template_Default' took 3.436
[2015.04.05-02.40.05:336][  0]LogCollectionManager: Loaded 0 collections in 0.001917 seconds
[2015.04.05-02.40.05:360][  0]LogContentBrowser: Native class hierarchy populated in 0.0234 seconds. Added 1696 classes and 261 folders.
[2015.04.05-02.40.05:715][  0]LogContentBrowser: Native class hierarchy updated for 'SceneOutliner' in 0.0024 seconds. Added 1 classes and 2 folders.
[2015.04.05-02.40.06:302][  0]LogCrashTracker: Crashtracker disabled due to settings.
[2015.04.05-02.40.06:364][  0]LogSlate:Warning: Failed to load font data from 'Veranda'
[2015.04.05-02.40.06:444][  0]LogUObjectGlobals:Warning: Failed to find object 'Class None.'
[2015.04.05-02.40.06:519][  0]LogLoad: Full Startup: 120.26 seconds (BP compile: 0.99 seconds)
[2015.04.05-02.40.07:847][  0]LogRenderer:Warning: Reallocating scene render targets to support 1616x912 (Frame:2).
[2015.04.05-02.40.09:295][  4]LogAssetRegistry: Asset discovery search completed in 17.2776 seconds
[2015.04.05-02.40.21:045][ 74]Cmd: MAP LOAD FILE="../../../../../../Users/Trey/Documents/GitHub/codenameBlob/Content/blobWorld.umap" TEMPLATE=0 SHOWPROGRESS=1 FEATURELEVEL=2
[2015.04.05-02.40.21:046][ 74]LightingResults: New page: Lighting Build
[2015.04.05-02.40.21:076][ 74]LoadErrors: New page: Loading map: blobWorld.umap
[2015.04.05-02.40.21:089][ 74]MapCheck: New page: Map Check
[2015.04.05-02.40.21:089][ 74]LightingResults: New page: Lighting Build
[2015.04.05-02.40.21:136][ 74]LogParticles: Destroying 0 GPU particle simulations for FXSystem 0x000000000F54ADE0
[2015.04.05-02.40.21:210][ 74]LogEditorServer: Finished looking for orphan Actors (0.000 secs)
[2015.04.05-02.40.21:220][ 74]LogAIModule: Creating AISystem for world blobWorld
[2015.04.05-02.40.21:251][ 74]Cmd: MAP CHECKDEP
[2015.04.05-02.40.21:251][ 74]MapCheck: New page: blobWorld - Apr 4, 2015, 6:40:21 PM
[2015.04.05-02.40.21:350][ 74]MapCheck: Info Map check complete: 0 Error(s), 0 Warning(s), took 98.832ms to complete.
[2015.04.05-02.40.21:350][ 74]LogFileHelpers: Loading map 'blobWorld' took 0.323
[2015.04.05-02.40.22:403][134]LogPlayLevel: PIE:  No blueprints needed recompiling
[2015.04.05-02.40.22:403][134]PIE: New page: PIE session: blobWorld (Apr 4, 2015, 6:40:22 PM)
[2015.04.05-02.40.22:405][134]LogPlayLevel: PIE: StaticDuplicateObject took: (0.002292s)
[2015.04.05-02.40.22:406][134]LogPlayLevel: PIE: World Init took: (0.000585s)
[2015.04.05-02.40.22:406][134]LogPlayLevel: PIE: Created PIE world by copying editor world from /Game/blobWorld.blobWorld to /Game/UEDPIE_0_blobWorld.blobWorld (0.003037s)
[2015.04.05-02.40.22:529][134]LogWorld: Game class is 'codenameBlobMode_C'
[2015.04.05-02.40.22:632][134]LogAIModule: Creating AISystem for world blobWorld
[2015.04.05-02.40.22:637][134]LogWorld: Bringing World /Game/UEDPIE_0_blobWorld.blobWorld up for play (max tick rate 0) at 2015.04.04-22.40.22
[2015.04.05-02.40.22:650][134]LogWorld: Bringing up level for play took: 0.017740
[2015.04.05-02.40.22:738][134]PIE: Info Play in editor start time for /Game/UEDPIE_0_blobWorld -0.117
[2015.04.05-02.40.22:877][135]LogCharacterMovement:Warning: GetSimulationTimeStep() - Max iterations 8 hit while remaining time 0.079411 > MaxSimulationTimeStep (0.050) for 'blob_C_0'
[2015.04.05-02.40.29:432][604]LogParticles: Destroying 0 GPU particle simulations for FXSystem 0x000000001E07D580
[2015.04.05-02.40.32:160][737]Cmd: QUIT_EDITOR
[2015.04.05-02.40.32:507][737]LogExit: Preparing to exit.
[2015.04.05-02.40.33:763][737]LogExit: Editor shut down
[2015.04.05-02.40.33:764][737]LogExit: Transaction tracking system shut down
[2015.04.05-02.40.33:764][737]LogParticles: Destroying 0 GPU particle simulations for FXSystem 0x000000000D9AED40
[2015.04.05-02.40.33:765][737]LogParticles: Destroying 0 GPU particle simulations for FXSystem 0x0000000018AB3F60
[2015.04.05-02.40.34:052][737]LogExit: Object subsystem successfully closed.
[2015.04.05-02.40.34:342][737]LogModuleManager: Shutting down and abandoning module CrashTracker (177)
[2015.04.05-02.40.34:343][737]LogModuleManager: Shutting down and abandoning module SuperSearch (176)
[2015.04.05-02.40.34:343][737]LogModuleManager: Shutting down and abandoning module SceneOutliner (175)
[2015.04.05-02.40.34:354][737]LogModuleManager: Shutting down and abandoning module EditorWidgets (174)
[2015.04.05-02.40.34:354][737]LogModuleManager: Shutting down and abandoning module CollectionManager (173)
[2015.04.05-02.40.34:368][737]LogModuleManager: Shutting down and abandoning module StatsViewer (172)
[2015.04.05-02.40.34:377][737]LogModuleManager: Shutting down and abandoning module FoliageEdit (171)
[2015.04.05-02.40.34:377][737]LogModuleManager: Shutting down and abandoning module LandscapeEditor (170)
[2015.04.05-02.40.34:385][737]LogModuleManager: Shutting down and abandoning module MeshPaint (169)
[2015.04.05-02.40.34:385][737]LogModuleManager: Shutting down and abandoning module ActorPickerMode (168)
[2015.04.05-02.40.34:385][737]LogModuleManager: Shutting down and abandoning module GeometryMode (167)
[2015.04.05-02.40.34:385][737]LogModuleManager: Shutting down and abandoning module TextureAlignMode (166)
[2015.04.05-02.40.34:385][737]LogModuleManager: Shutting down and abandoning module BspMode (165)
[2015.04.05-02.40.34:385][737]LogModuleManager: Shutting down and abandoning module PlacementMode (164)
[2015.04.05-02.40.34:385][737]LogModuleManager: Shutting down and abandoning module AutomationWorker (163)
[2015.04.05-02.40.34:385][737]LogModuleManager: Shutting down and abandoning module CharacterAI (162)
[2015.04.05-02.40.34:385][737]LogModuleManager: Shutting down and abandoning module SmartSnapping (161)
[2015.04.05-02.40.34:385][737]LogModuleManager: Shutting down and abandoning module ViewportSnapping (160)
[2015.04.05-02.40.34:385][737]LogModuleManager: Shutting down and abandoning module LogVisualizer (159)
[2015.04.05-02.40.34:398][737]LogModuleManager: Shutting down and abandoning module GameProjectGeneration (158)
[2015.04.05-02.40.34:405][737]LogModuleManager: Shutting down and abandoning module IntroTutorials (157)
[2015.04.05-02.40.34:428][737]LogModuleManager: Shutting down and abandoning module EditorLiveStreaming (156)
[2015.04.05-02.40.34:428][737]LogModuleManager: Shutting down and abandoning module HardwareTargeting (155)
[2015.04.05-02.40.34:429][737]LogModuleManager: Shutting down and abandoning module DeviceProfileEditor (154)
[2015.04.05-02.40.34:429][737]LogModuleManager: Shutting down and abandoning module UndoHistory (153)
[2015.04.05-02.40.34:429][737]LogModuleManager: Shutting down and abandoning module GameplayTagsEditor (152)
[2015.04.05-02.40.34:429][737]LogModuleManager: Shutting down and abandoning module UserFeedback (151)
[2015.04.05-02.40.34:429][737]LogModuleManager: Shutting down and abandoning module XmlParser (150)
[2015.04.05-02.40.34:429][737]LogModuleManager: Shutting down and abandoning module Blutility (149)
[2015.04.05-02.40.34:429][737]LogModuleManager: Shutting down and abandoning module IOSPlatformEditor (148)
[2015.04.05-02.40.34:429][737]LogModuleManager: Shutting down and abandoning module IOSRuntimeSettings (147)
[2015.04.05-02.40.34:429][737]LogModuleManager: Shutting down and abandoning module AndroidDeviceDetection (146)
[2015.04.05-02.40.34:635][737]LogModuleManager: Shutting down and abandoning module AndroidPlatformEditor (145)
[2015.04.05-02.40.34:635][737]LogModuleManager: Shutting down and abandoning module AndroidRuntimeSettings (144)
[2015.04.05-02.40.34:635][737]LogModuleManager: Shutting down and abandoning module ProjectTargetPlatformEditor (143)
[2015.04.05-02.40.34:635][737]LogModuleManager: Shutting down and abandoning module ProjectSettingsViewer (142)
[2015.04.05-02.40.34:635][737]LogModuleManager: Shutting down and abandoning module InputBindingEditor (141)
[2015.04.05-02.40.34:635][737]LogModuleManager: Shutting down and abandoning module EditorSettingsViewer (140)
[2015.04.05-02.40.34:635][737]LogModuleManager: Shutting down and abandoning module SettingsEditor (139)
[2015.04.05-02.40.34:649][737]LogModuleManager: Shutting down and abandoning module ProjectLauncher (138)
[2015.04.05-02.40.34:649][737]LogModuleManager: Shutting down and abandoning module SessionFrontend (137)
[2015.04.05-02.40.34:649][737]LogModuleManager: Shutting down and abandoning module ProfilerClient (136)
[2015.04.05-02.40.34:657][737]LogModuleManager: Shutting down and abandoning module TargetDeviceServices (135)
[2015.04.05-02.40.34:657][737]LogModuleManager: Shutting down and abandoning module DeviceManager (134)
[2015.04.05-02.40.34:657][737]LogModuleManager: Shutting down and abandoning module AutomationController (133)
[2015.04.05-02.40.34:657][737]LogModuleManager: Shutting down and abandoning module AutomationWindow (132)
[2015.04.05-02.40.34:663][737]LogModuleManager: Shutting down and abandoning module Layers (131)
[2015.04.05-02.40.34:678][737]LogModuleManager: Shutting down and abandoning module ComponentVisualizers (130)
[2015.04.05-02.40.34:678][737]LogModuleManager: Shutting down and abandoning module DetailCustomizations (129)
[2015.04.05-02.40.34:700][737]LogModuleManager: Shutting down and abandoning module PackagesDialog (128)
[2015.04.05-02.40.34:716][737]LogModuleManager: Shutting down and abandoning module AssetRegistry (127)
[2015.04.05-02.40.34:788][737]LogModuleManager: Shutting down and abandoning module Persona (126)
[2015.04.05-02.40.34:799][737]LogModuleManager: Shutting down and abandoning module SlateReflector (125)
[2015.04.05-02.40.34:809][737]LogModuleManager: Shutting down and abandoning module LevelEditor (124)
[2015.04.05-02.40.34:810][737]LogModuleManager: Shutting down and abandoning module Kismet (123)
[2015.04.05-02.40.34:810][737]LogModuleManager: Shutting down and abandoning module GraphEditor (122)
[2015.04.05-02.40.34:837][737]LogModuleManager: Shutting down and abandoning module ClassViewer (121)
[2015.04.05-02.40.34:837][737]LogModuleManager: Shutting down and abandoning module Toolbox (120)
[2015.04.05-02.40.34:837][737]LogModuleManager: Shutting down and abandoning module ModuleUI (119)
[2015.04.05-02.40.34:847][737]LogModuleManager: Shutting down and abandoning module MovieSceneTools (118)
[2015.04.05-02.40.34:858][737]LogModuleManager: Shutting down and abandoning module OutputLog (117)
[2015.04.05-02.40.34:858][737]LogModuleManager: Shutting down and abandoning module GammaUI (116)
[2015.04.05-02.40.34:868][737]LogModuleManager: Shutting down and abandoning module Documentation (115)
[2015.04.05-02.40.34:868][737]LogModuleManager: Shutting down and abandoning module GameLiveStreaming (114)
[2015.04.05-02.40.34:868][737]LogModuleManager: Shutting down and abandoning module StreamingPauseRendering (113)
[2015.04.05-02.40.34:868][737]LogModuleManager: Shutting down and abandoning module HTTP (112)
[2015.04.05-02.40.34:868][737]LogModuleManager: Shutting down and abandoning module AnalyticsET (111)
[2015.04.05-02.40.34:868][737]LogModuleManager: Shutting down and abandoning module Analytics (110)
[2015.04.05-02.40.34:868][737]LogModuleManager: Shutting down and abandoning module AITestSuite (109)
[2015.04.05-02.40.34:868][737]LogModuleManager: Shutting down and abandoning module GameplayDebugger (108)
[2015.04.05-02.40.34:868][737]LogModuleManager: Shutting down and abandoning module AIModule (107)
[2015.04.05-02.40.34:868][737]LogModuleManager: Shutting down and abandoning module ProfilerService (106)
[2015.04.05-02.40.35:016][737]LogModuleManager: Shutting down and abandoning module TaskGraph (105)
[2015.04.05-02.40.35:037][737]LogModuleManager: Shutting down and abandoning module SlateRemote (104)
[2015.04.05-02.40.35:037][737]LogModuleManager: Shutting down and abandoning module ScriptEditorPlugin (103)
[2015.04.05-02.40.35:037][737]LogModuleManager: Shutting down and abandoning module CustomMeshComponent (102)
[2015.04.05-02.40.35:037][737]LogModuleManager: Shutting down and abandoning module CableComponent (101)
[2015.04.05-02.40.35:037][737]LogModuleManager: Shutting down and abandoning module MessagingDebugger (100)
[2015.04.05-02.40.35:047][737]LogModuleManager: Shutting down and abandoning module MediaPlayerEditor (99)
[2015.04.05-02.40.35:051][737]LogModuleManager: Shutting down and abandoning module SpeedTreeImporter (98)
[2015.04.05-02.40.35:051][737]LogModuleManager: Shutting down and abandoning module PluginsEditor (97)
[2015.04.05-02.40.35:051][737]LogModuleManager: Shutting down and abandoning module MainFrame (96)
[2015.04.05-02.40.35:051][737]LogModuleManager: Shutting down and abandoning module EpicSurvey (95)
[2015.04.05-02.40.35:051][737]LogModuleManager: Shutting down and abandoning module DesktopPlatform (94)
[2015.04.05-02.40.35:064][737]LogModuleManager: Shutting down and abandoning module DirectoryWatcher (93)
[2015.04.05-02.40.35:064][737]LogModuleManager: Shutting down and abandoning module HotReload (92)
[2015.04.05-02.40.35:064][737]LogModuleManager: Shutting down and abandoning module VisualStudioSourceCodeAccess (91)
[2015.04.05-02.40.35:065][737]LogModuleManager: Shutting down and abandoning module UObjectPlugin (90)
[2015.04.05-02.40.35:065][737]LogModuleManager: Shutting down and abandoning module SubversionSourceControl (89)
[2015.04.05-02.40.35:065][737]LogModuleManager: Shutting down and abandoning module PerforceSourceControl (88)
[2015.04.05-02.40.35:068][737]LogModuleManager: Shutting down and abandoning module SourceControl (87)
[2015.04.05-02.40.35:068][737]LogModuleManager: Shutting down and abandoning module GitSourceControl (86)
[2015.04.05-02.40.35:068][737]LogModuleManager: Shutting down and abandoning module BlankPlugin (85)
[2015.04.05-02.40.35:068][737]LogModuleManager: Shutting down and abandoning module PaperTiledImporter (84)
[2015.04.05-02.40.35:068][737]LogModuleManager: Shutting down and abandoning module PaperJsonImporter (83)
[2015.04.05-02.40.35:068][737]LogModuleManager: Shutting down and abandoning module ContentBrowser (82)
[2015.04.05-02.40.35:069][737]LogModuleManager: Shutting down and abandoning module Paper2DEditor (81)
[2015.04.05-02.40.35:069][737]LogModuleManager: Shutting down and abandoning module ScriptPlugin (80)
[2015.04.05-02.40.35:078][737]LogModuleManager: Shutting down and abandoning module UdpMessaging (79)
[2015.04.05-02.40.35:178][737]LogModuleManager: Shutting down and abandoning module Paper2D (78)
[2015.04.05-02.40.35:178][737]LogModuleManager: Shutting down and abandoning module WindowsMoviePlayer (77)
[2015.04.05-02.40.35:180][737]LogModuleManager: Shutting down and abandoning module Media (76)
[2015.04.05-02.40.35:180][737]LogModuleManager: Shutting down and abandoning module WmfMedia (75)
[2015.04.05-02.40.35:194][737]LogModuleManager: Shutting down and abandoning module OnlineBlueprintSupport (74)
[2015.04.05-02.40.35:194][737]LogModuleManager: Shutting down and abandoning module PropertyEditor (73)
[2015.04.05-02.40.35:204][737]LogModuleManager: Shutting down and abandoning module BehaviorTreeEditor (72)
[2015.04.05-02.40.35:224][737]LogModuleManager: Shutting down and abandoning module FunctionalTesting (71)
[2015.04.05-02.40.35:224][737]LogModuleManager: Shutting down and abandoning module CollisionAnalyzer (70)
[2015.04.05-02.40.35:232][737]LogModuleManager: Shutting down and abandoning module WorkspaceMenuStructure (69)
[2015.04.05-02.40.35:232][737]LogModuleManager: Shutting down and abandoning module MessageLog (68)
[2015.04.05-02.40.35:232][737]LogModuleManager: Shutting down and abandoning module Sequencer (67)
[2015.04.05-02.40.35:242][737]LogModuleManager: Shutting down and abandoning module AssetTools (66)
[2015.04.05-02.40.35:255][737]LogModuleManager: Shutting down and abandoning module UMGEditor (65)
[2015.04.05-02.40.35:265][737]LogModuleManager: Shutting down and abandoning module UMG (64)
[2015.04.05-02.40.35:277][737]LogModuleManager: Shutting down and abandoning module Slate (63)
[2015.04.05-02.40.35:277][737]LogModuleManager: Shutting down and abandoning module EditorStyle (62)
[2015.04.05-02.40.35:281][737]LogModuleManager: Shutting down and abandoning module SessionServices (61)
[2015.04.05-02.40.35:281][737]LogModuleManager: Shutting down and abandoning module SourceCodeAccess (60)
[2015.04.05-02.40.35:281][737]LogModuleManager: Shutting down and abandoning module HeadMountedDisplay (59)
[2015.04.05-02.40.35:281][737]LogModuleManager: Shutting down and abandoning module XAudio2 (58)
[2015.04.05-02.40.35:281][737]LogModuleManager: Shutting down and abandoning module Networking (56)
[2015.04.05-02.40.35:281][737]LogModuleManager: Shutting down and abandoning module Core (55)
[2015.04.05-02.40.35:281][737]LogModuleManager: Shutting down and abandoning module KismetCompiler (54)
[2015.04.05-02.40.35:281][737]LogModuleManager: Shutting down and abandoning module PhysXFormats (53)
[2015.04.05-02.40.35:281][737]LogModuleManager: Shutting down and abandoning module MeshUtilities (52)
[2015.04.05-02.40.35:291][737]LogModuleManager: Shutting down and abandoning module DerivedDataCache (51)
[2015.04.05-02.40.35:294][737]LogDerivedDataCache: Shutdown
[2015.04.05-02.40.35:294][737]LogModuleManager: Shutting down and abandoning module ShaderFormatOpenGL (50)
[2015.04.05-02.40.35:306][737]LogModuleManager: Shutting down and abandoning module ShaderFormatD3D (49)
[2015.04.05-02.40.35:306][737]LogModuleManager: Shutting down and abandoning module MetalShaderFormat (48)
[2015.04.05-02.40.35:319][737]LogModuleManager: Shutting down and abandoning module TextureFormatUncompressed (47)
[2015.04.05-02.40.35:319][737]LogModuleManager: Shutting down and abandoning module TextureFormatPVR (46)
[2015.04.05-02.40.35:319][737]LogModuleManager: Shutting down and abandoning module TextureFormatIntelISPCTexComp (45)
[2015.04.05-02.40.35:319][737]LogModuleManager: Shutting down and abandoning module TextureFormatDXT (44)
[2015.04.05-02.40.35:319][737]LogModuleManager: Shutting down and abandoning module ImageWrapper (43)
[2015.04.05-02.40.35:319][737]LogModuleManager: Shutting down and abandoning module TextureFormatASTC (42)
[2015.04.05-02.40.35:319][737]LogModuleManager: Shutting down and abandoning module TextureFormatAndroid (41)
[2015.04.05-02.40.35:319][737]LogModuleManager: Shutting down and abandoning module AudioFormatOpus (40)
[2015.04.05-02.40.35:319][737]LogModuleManager: Shutting down and abandoning module AudioFormatOgg (39)
[2015.04.05-02.40.35:319][737]LogModuleManager: Shutting down and abandoning module AudioFormatADPCM (38)
[2015.04.05-02.40.35:319][737]LogModuleManager: Shutting down and abandoning module LinuxTargetPlatform (37)
[2015.04.05-02.40.35:319][737]LogModuleManager: Shutting down and abandoning module LinuxServerTargetPlatform (36)
[2015.04.05-02.40.35:319][737]LogModuleManager: Shutting down and abandoning module LinuxNoEditorTargetPlatform (35)
[2015.04.05-02.40.35:319][737]LogModuleManager: Shutting down and abandoning module Messaging (34)
[2015.04.05-02.40.35:319][737]LogModuleManager: Shutting down and abandoning module IOSTargetPlatform (33)
[2015.04.05-02.40.35:319][737]LogModuleManager: Shutting down and abandoning module HTML5TargetPlatform (32)
[2015.04.05-02.40.35:319][737]LogModuleManager: Shutting down and abandoning module Android_PVRTCTargetPlatform (31)
[2015.04.05-02.40.35:319][737]LogModuleManager: Shutting down and abandoning module Android_ETC2TargetPlatform (30)
[2015.04.05-02.40.35:319][737]LogModuleManager: Shutting down and abandoning module Android_ETC1TargetPlatform (29)
[2015.04.05-02.40.35:319][737]LogModuleManager: Shutting down and abandoning module Android_ES31TargetPlatform (28)
[2015.04.05-02.40.35:319][737]LogModuleManager: Shutting down and abandoning module Android_DXTTargetPlatform (27)
[2015.04.05-02.40.35:319][737]LogModuleManager: Shutting down and abandoning module Android_ATCTargetPlatform (26)
[2015.04.05-02.40.35:319][737]LogModuleManager: Shutting down and abandoning module AndroidTargetPlatform (25)
[2015.04.05-02.40.35:319][737]LogModuleManager: Shutting down and abandoning module WindowsTargetPlatform (24)
[2015.04.05-02.40.35:319][737]LogModuleManager: Shutting down and abandoning module WindowsServerTargetPlatform (23)
[2015.04.05-02.40.35:319][737]LogModuleManager: Shutting down and abandoning module WindowsNoEditorTargetPlatform (22)
[2015.04.05-02.40.35:319][737]LogModuleManager: Shutting down and abandoning module WindowsClientTargetPlatform (21)
[2015.04.05-02.40.35:319][737]LogModuleManager: Shutting down and abandoning module TargetPlatform (20)
[2015.04.05-02.40.35:319][737]LogModuleManager: Shutting down and abandoning module InputCore (19)
[2015.04.05-02.40.35:319][737]LogModuleManager: Shutting down and abandoning module Settings (18)
[2015.04.05-02.40.35:319][737]LogModuleManager: Shutting down and abandoning module OnlineSubsystem (16)
[2015.04.05-02.40.35:319][737]LogModuleManager: Shutting down and abandoning module OculusRift (15)
[2015.04.05-02.40.35:319][737]LogModuleManager: Shutting down and abandoning module ExampleDeviceProfileSelector (14)
[2015.04.05-02.40.35:319][737]LogModuleManager: Shutting down and abandoning module TextureCompressor (13)
[2015.04.05-02.40.35:319][737]LogModuleManager: Shutting down and abandoning module ShaderCore (12)
[2015.04.05-02.40.35:319][737]LogModuleManager: Shutting down and abandoning module Landscape (11)
[2015.04.05-02.40.35:319][737]LogModuleManager: Shutting down and abandoning module SlateRHIRenderer (10)
[2015.04.05-02.40.35:321][737]LogModuleManager: Shutting down and abandoning module OpenGLDrv (9)
[2015.04.05-02.40.35:321][737]LogModuleManager: Shutting down and abandoning module D3D11RHI (8)
[2015.04.05-02.40.35:321][737]LogModuleManager: Shutting down and abandoning module Renderer (7)
[2015.04.05-02.40.35:321][737]LogModuleManager: Shutting down and abandoning module Engine (6)
[2015.04.05-02.40.35:321][737]LogModuleManager: Shutting down and abandoning module CoreUObject (5)
[2015.04.05-02.40.35:321][737]LogModuleManager: Shutting down and abandoning module NetworkFile (4)
[2015.04.05-02.40.35:328][737]LogModuleManager: Shutting down and abandoning module StreamingFile (3)
[2015.04.05-02.40.35:328][737]LogModuleManager: Shutting down and abandoning module SandboxFile (2)
[2015.04.05-02.40.35:328][737]LogModuleManager: Shutting down and abandoning module PakFile (1)
[2015.04.05-02.40.35:335][737]LogExit: Exiting.
[2015.04.05-02.40.35:340][737]Log file closed, 04/04/15 22:40:35
